2023-12-07 15:54:22,278 NanoPlot 1.42.0 started with arguments Namespace(N50=False, alength=False, bam=None, barcoded=False, color='#4CB391', colormap='Greens', cram=None, downsample=None, dpi=100, drop_outliers=False, fasta=None, fastq=None, fastq_minimal=None, fastq_rich=None, feather=None, font_scale=1, format=['png'], hide_stats=False, huge=False, info_in_report=False, legacy=None, listcolormaps=False, listcolors=False, loglength=False, maxlength=None, minlength=None, minqual=None, no_N50=False, no_static=False, no_supplementary=False, only_report=False, outdir='.', path='./', percentqual=False, pickle=None, plots=['kde', 'dot'], prefix='', raw=False, readtype='1D', runtime_until=None, store=False, summary=['MT-110609_20191001_165115_FAK91168_minion_sequencing_run_NP05-RNA-20191001-Scr1_sequencing_summary.txt'], threads=4, title=None, tsv_stats=False, ubam=None, verbose=False)
2023-12-07 15:54:22,278 Python version is: 3.8.18 (default, Sep 11 2023, 13:40:15)  [GCC 11.2.0]
2023-12-07 15:54:22,294 Nanoget: Collecting metrics from summary file MT-110609_20191001_165115_FAK91168_minion_sequencing_run_NP05-RNA-20191001-Scr1_sequencing_summary.txt for 1D sequencing
2023-12-07 15:54:24,496 Nanoget: Finished collecting statistics from summary file MT-110609_20191001_165115_FAK91168_minion_sequencing_run_NP05-RNA-20191001-Scr1_sequencing_summary.txt
2023-12-07 15:54:24,713 Reduced DataFrame memory usage from 70.93885803222656Mb to 70.93885803222656Mb
2023-12-07 15:54:24,988 Nanoget: Gathered all metrics of 1549683 reads
2023-12-07 15:54:25,749 Calculated statistics
2023-12-07 15:54:25,750 Using sequenced read lengths for plotting.
2023-12-07 15:54:25,873 NanoPlot:  Valid color #4CB391.
2023-12-07 15:54:25,873 NanoPlot:  Valid colormap Greens.
2023-12-07 15:54:25,912 NanoPlot:  Creating length plots for Read length.
2023-12-07 15:54:25,913 NanoPlot:  Using 1549683 reads maximum of 288042bp.
2023-12-07 15:54:27,199 Saved ./WeightedHistogramReadlength  as png (or png for --legacy)
2023-12-07 15:54:28,554 Saved ./WeightedLogTransformed_HistogramReadlength  as png (or png for --legacy)
2023-12-07 15:54:29,220 Saved ./Non_weightedHistogramReadlength  as png (or png for --legacy)
2023-12-07 15:54:29,913 Saved ./Non_weightedLogTransformed_HistogramReadlength  as png (or png for --legacy)
2023-12-07 15:54:31,410 Saved ./Yield_By_Length  as png (or png for --legacy)
2023-12-07 15:54:31,412 Created length plots
2023-12-07 15:54:31,442 NanoPlot: Creating Read lengths vs Average read quality plots using 1549683 reads.
2023-12-07 15:54:32,590 Saved ./LengthvsQualityScatterPlot_dot  as png (or png for --legacy)
2023-12-07 15:54:36,164 Saved ./LengthvsQualityScatterPlot_kde  as png (or png for --legacy)
2023-12-07 15:54:36,165 Created LengthvsQual plot
2023-12-07 15:54:36,166 Nanoplotter: Creating heatmap of reads per channel using 1549683 reads.
2023-12-07 15:54:36,755 Saved ./ActivityMap_ReadsPerChannel  as png (or png for --legacy)
2023-12-07 15:54:36,757 Created spatialheatmap for succesfull basecalls.
2023-12-07 15:54:36,757 Nanoplotter: Creating timeplots using 1549683 (full) or 10000 (subsampled dataset) reads.
2023-12-07 15:54:37,648 Saved ./CumulativeYieldPlot_Gigabases  as png (or png for --legacy)
2023-12-07 15:54:39,392 Saved ./CumulativeYieldPlot_NumberOfReads  as png (or png for --legacy)
2023-12-07 15:54:41,067 Saved ./NumberOfReads_Over_Time  as png (or png for --legacy)
2023-12-07 15:54:42,284 Saved ./ActivePores_Over_Time  as png (or png for --legacy)
2023-12-07 15:54:43,490 Saved ./TimeLengthViolinPlot  as png (or png for --legacy)
2023-12-07 15:54:44,490 Saved ./TimeQualityViolinPlot  as png (or png for --legacy)
2023-12-07 15:54:45,748 Saved ./TimeSequencingSpeed_ViolinPlot  as png (or png for --legacy)
2023-12-07 15:54:45,750 Created timeplots.
2023-12-07 15:54:45,750 Writing html report.
2023-12-07 15:54:45,763 Finished!
