2023-12-07 16:19:16,929 NanoPlot 1.42.0 started with arguments Namespace(N50=False, alength=False, bam=None, barcoded=False, color='#4CB391', colormap='Greens', cram=None, downsample=None, dpi=100, drop_outliers=False, fasta=None, fastq=None, fastq_minimal=None, fastq_rich=None, feather=None, font_scale=1, format=['png'], hide_stats=False, huge=False, info_in_report=False, legacy=None, listcolormaps=False, listcolors=False, loglength=False, maxlength=None, minlength=None, minqual=None, no_N50=False, no_static=False, no_supplementary=False, only_report=False, outdir='.', path='./', percentqual=False, pickle=None, plots=['kde', 'dot'], prefix='', raw=False, readtype='1D', runtime_until=None, store=False, summary=['MT-110609_20191009_133501_FAK97766_minion_sequencing_run_NP08-RNA-20191009-Scr2_sequencing_summary.txt'], threads=4, title=None, tsv_stats=False, ubam=None, verbose=False)
2023-12-07 16:19:16,930 Python version is: 3.8.18 (default, Sep 11 2023, 13:40:15)  [GCC 11.2.0]
2023-12-07 16:19:16,943 Nanoget: Collecting metrics from summary file MT-110609_20191009_133501_FAK97766_minion_sequencing_run_NP08-RNA-20191009-Scr2_sequencing_summary.txt for 1D sequencing
2023-12-07 16:19:19,433 Nanoget: Finished collecting statistics from summary file MT-110609_20191009_133501_FAK97766_minion_sequencing_run_NP08-RNA-20191009-Scr2_sequencing_summary.txt
2023-12-07 16:19:19,679 Reduced DataFrame memory usage from 81.32904052734375Mb to 81.32904052734375Mb
2023-12-07 16:19:19,990 Nanoget: Gathered all metrics of 1776660 reads
2023-12-07 16:19:20,861 Calculated statistics
2023-12-07 16:19:20,861 Using sequenced read lengths for plotting.
2023-12-07 16:19:21,001 NanoPlot:  Valid color #4CB391.
2023-12-07 16:19:21,001 NanoPlot:  Valid colormap Greens.
2023-12-07 16:19:21,048 NanoPlot:  Creating length plots for Read length.
2023-12-07 16:19:21,050 NanoPlot:  Using 1776660 reads maximum of 121433bp.
2023-12-07 16:19:22,535 Saved ./WeightedHistogramReadlength  as png (or png for --legacy)
2023-12-07 16:19:24,081 Saved ./WeightedLogTransformed_HistogramReadlength  as png (or png for --legacy)
2023-12-07 16:19:25,101 Saved ./Non_weightedHistogramReadlength  as png (or png for --legacy)
2023-12-07 16:19:25,742 Saved ./Non_weightedLogTransformed_HistogramReadlength  as png (or png for --legacy)
2023-12-07 16:19:27,598 Saved ./Yield_By_Length  as png (or png for --legacy)
2023-12-07 16:19:27,599 Created length plots
2023-12-07 16:19:27,633 NanoPlot: Creating Read lengths vs Average read quality plots using 1776660 reads.
2023-12-07 16:19:28,809 Saved ./LengthvsQualityScatterPlot_dot  as png (or png for --legacy)
2023-12-07 16:19:30,991 Saved ./LengthvsQualityScatterPlot_kde  as png (or png for --legacy)
2023-12-07 16:19:30,992 Created LengthvsQual plot
2023-12-07 16:19:30,993 Nanoplotter: Creating heatmap of reads per channel using 1776660 reads.
2023-12-07 16:19:31,800 Saved ./ActivityMap_ReadsPerChannel  as png (or png for --legacy)
2023-12-07 16:19:31,801 Created spatialheatmap for succesfull basecalls.
2023-12-07 16:19:31,801 Nanoplotter: Creating timeplots using 1776660 (full) or 10000 (subsampled dataset) reads.
2023-12-07 16:19:32,706 Saved ./CumulativeYieldPlot_Gigabases  as png (or png for --legacy)
2023-12-07 16:19:33,344 Saved ./CumulativeYieldPlot_NumberOfReads  as png (or png for --legacy)
2023-12-07 16:19:34,142 Saved ./NumberOfReads_Over_Time  as png (or png for --legacy)
2023-12-07 16:19:34,993 Saved ./ActivePores_Over_Time  as png (or png for --legacy)
2023-12-07 16:19:35,763 Saved ./TimeLengthViolinPlot  as png (or png for --legacy)
2023-12-07 16:19:36,423 Saved ./TimeQualityViolinPlot  as png (or png for --legacy)
2023-12-07 16:19:37,417 Saved ./TimeSequencingSpeed_ViolinPlot  as png (or png for --legacy)
2023-12-07 16:19:37,422 Created timeplots.
2023-12-07 16:19:37,423 Writing html report.
2023-12-07 16:19:37,452 Finished!
